<?xml version="1.0" encoding="UTF-8"?>
<!-- Generated by org.testng.reporters.JUnitXMLReporter -->
<testsuite ignored="0" hostname="Jeejis-MBP.attlocal.net" failures="0" tests="4" name="Command line test" time="0.036" errors="0" timestamp="2021-10-14T16:41:11 CDT">
  <testcase classname="qaclickacademy.MavenJava.appiumTestCase" name="method5" time="0.004"/>
  <testcase classname="qaclickacademy.MavenJava.appiumTestCase" name="method6" time="0.0"/>
  <testcase classname="qaclickacademy.MavenJava.seleniumTest" name="method1" time="0.0"/>
  <testcase classname="qaclickacademy.MavenJava.seleniumTest" name="method2" time="0.0"/>
</testsuite> <!-- Command line test -->
