<?xml version="1.0" encoding="UTF-8"?>
<!-- Generated by org.testng.reporters.JUnitXMLReporter -->
<testsuite hostname="Jeejis-MBP.attlocal.net" ignored="0" name="Test" tests="6" failures="0" timestamp="2021-10-14T16:40:54 CDT" time="0.037" errors="0">
  <testcase name="method1" time="0.004" classname="qaclickacademy.MavenJava.seleniumTest"/>
  <testcase name="method2" time="0.001" classname="qaclickacademy.MavenJava.seleniumTest"/>
  <testcase name="method3" time="0.0" classname="qaclickacademy.MavenJava.Api"/>
  <testcase name="method4" time="0.0" classname="qaclickacademy.MavenJava.Api"/>
  <testcase name="method5" time="0.001" classname="qaclickacademy.MavenJava.appiumTestCase"/>
  <testcase name="method6" time="0.0" classname="qaclickacademy.MavenJava.appiumTestCase"/>
</testsuite> <!-- Test -->
