<?xml version="1.0" encoding="UTF-8" ?>
<testsuite tests="4" failures="0" name="TestSuite" time="0.007" errors="0" skipped="0">
  <properties>
[...]
</properties>
  <testcase classname="qaclickacademy.MavenJava.appiumTestCase" name="method5" time="0.006"/>
  <testcase classname="qaclickacademy.MavenJava.appiumTestCase" name="method6" time="0.001"/>
  <testcase classname="qaclickacademy.MavenJava.seleniumTest" name="method1" time="0"/>
  <testcase classname="qaclickacademy.MavenJava.seleniumTest" name="method2" time="0"/>
</testsuite>