<?xml version="1.0" encoding="UTF-8"?>
<testng-results ignored="0" total="2" passed="2" failed="0" skipped="0">
  <reporter-output>
  </reporter-output>
  <suite started-at="2021-10-14T16:18:03 CDT" name="Suite" finished-at="2021-10-14T16:18:03 CDT" duration-ms="50">
    <groups>
    </groups>
    <test started-at="2021-10-14T16:18:03 CDT" name="Test" finished-at="2021-10-14T16:18:03 CDT" duration-ms="50">
      <class name="qaclickacademy.MavenJava.Api">
        <test-method signature="method3()[pri:0, instance:qaclickacademy.MavenJava.Api@7b227d8d]" started-at="2021-10-14T16:18:03 CDT" name="method3" finished-at="2021-10-14T16:18:03 CDT" duration-ms="11" status="PASS">
          <reporter-output>
          </reporter-output>
        </test-method> <!-- method3 -->
        <test-method signature="method4()[pri:0, instance:qaclickacademy.MavenJava.Api@7b227d8d]" started-at="2021-10-14T16:18:03 CDT" name="method4" finished-at="2021-10-14T16:18:03 CDT" duration-ms="2" status="PASS">
          <reporter-output>
          </reporter-output>
        </test-method> <!-- method4 -->
      </class> <!-- qaclickacademy.MavenJava.Api -->
    </test> <!-- Test -->
  </suite> <!-- Suite -->
</testng-results>
